<?xml version="1.0" encoding="UTF-8"?>
<testng-results ignored="0" total="1" passed="1" failed="0" skipped="0">
  <reporter-output>
  </reporter-output>
  <suite started-at="2022-08-23T13:08:29 IST" name="Suite" finished-at="2022-08-23T13:09:12 IST" duration-ms="42351">
    <groups>
    </groups>
    <test started-at="2022-08-23T13:08:29 IST" name="Test" finished-at="2022-08-23T13:09:12 IST" duration-ms="42351">
      <class name="com.test.Test_001">
        <test-method is-config="true" signature="setup()[pri:0, instance:com.test.Test_001@123ef382]" started-at="2022-08-23T13:08:29 IST" name="setup" finished-at="2022-08-23T13:09:09 IST" duration-ms="40010" status="PASS">
          <reporter-output>
          </reporter-output>
        </test-method> <!-- setup -->
        <test-method signature="testverify_login()[pri:0, instance:com.test.Test_001@123ef382]" started-at="2022-08-23T13:09:09 IST" name="testverify_login" finished-at="2022-08-23T13:09:11 IST" duration-ms="1716" status="PASS">
          <reporter-output>
          </reporter-output>
        </test-method> <!-- testverify_login -->
        <test-method is-config="true" signature="Teardown()[pri:0, instance:com.test.Test_001@123ef382]" started-at="2022-08-23T13:09:11 IST" name="Teardown" finished-at="2022-08-23T13:09:11 IST" duration-ms="454" status="PASS">
          <reporter-output>
          </reporter-output>
        </test-method> <!-- Teardown -->
      </class> <!-- com.test.Test_001 -->
    </test> <!-- Test -->
  </suite> <!-- Suite -->
</testng-results>
